c:\users\jbakowsk\onedrive - intel corporation\desktop\physics_sim\sfml-2.6.x\lib\debug\sfml-network-s.pdb
c:\users\jbakowsk\onedrive - intel corporation\desktop\physics_sim\sfml-2.6.x\src\sfml\network\sfml-network.dir\debug\socketimpl.obj
c:\users\jbakowsk\onedrive - intel corporation\desktop\physics_sim\sfml-2.6.x\src\sfml\network\sfml-network.dir\debug\udpsocket.obj
c:\users\jbakowsk\onedrive - intel corporation\desktop\physics_sim\sfml-2.6.x\src\sfml\network\sfml-network.dir\debug\tcpsocket.obj
c:\users\jbakowsk\onedrive - intel corporation\desktop\physics_sim\sfml-2.6.x\src\sfml\network\sfml-network.dir\debug\tcplistener.obj
c:\users\jbakowsk\onedrive - intel corporation\desktop\physics_sim\sfml-2.6.x\src\sfml\network\sfml-network.dir\debug\socketselector.obj
c:\users\jbakowsk\onedrive - intel corporation\desktop\physics_sim\sfml-2.6.x\src\sfml\network\sfml-network.dir\debug\socket.obj
c:\users\jbakowsk\onedrive - intel corporation\desktop\physics_sim\sfml-2.6.x\src\sfml\network\sfml-network.dir\debug\packet.obj
c:\users\jbakowsk\onedrive - intel corporation\desktop\physics_sim\sfml-2.6.x\src\sfml\network\sfml-network.dir\debug\ipaddress.obj
c:\users\jbakowsk\onedrive - intel corporation\desktop\physics_sim\sfml-2.6.x\src\sfml\network\sfml-network.dir\debug\http.obj
c:\users\jbakowsk\onedrive - intel corporation\desktop\physics_sim\sfml-2.6.x\src\sfml\network\sfml-network.dir\debug\ftp.obj
c:\users\jbakowsk\onedrive - intel corporation\desktop\physics_sim\sfml-2.6.x\src\sfml\network\sfml-network.dir\debug\vc142.pdb
c:\users\jbakowsk\onedrive - intel corporation\desktop\physics_sim\sfml-2.6.x\src\sfml\network\cmakefiles\generate.stamp
c:\users\jbakowsk\onedrive - intel corporation\desktop\physics_sim\sfml-2.6.x\lib\debug\sfml-network-s-d.lib
c:\users\jbakowsk\onedrive - intel corporation\desktop\physics_sim\sfml-2.6.x\src\sfml\network\sfml-network.dir\debug\sfml-network-d-2.ilk
c:\users\jbakowsk\onedrive - intel corporation\desktop\physics_sim\bin\debug\sfml-network-d-2.dll
c:\users\jbakowsk\onedrive - intel corporation\desktop\physics_sim\sfml-2.6.x\lib\debug\sfml-network.pdb
c:\users\jbakowsk\onedrive - intel corporation\desktop\physics_sim\sfml-2.6.x\src\sfml\network\sfml-network.dir\debug\sfml-network.res
c:\users\jbakowsk\onedrive - intel corporation\desktop\physics_sim\sfml-2.6.x\lib\debug\sfml-network-d.lib
c:\users\jbakowsk\onedrive - intel corporation\desktop\physics_sim\sfml-2.6.x\lib\debug\sfml-network-d.exp
c:\users\jbakowsk\onedrive - intel corporation\desktop\physics_sim\sfml-2.6.x\src\sfml\network\sfml-network.dir\debug\sfml-network.tlog\cl.command.1.tlog
c:\users\jbakowsk\onedrive - intel corporation\desktop\physics_sim\sfml-2.6.x\src\sfml\network\sfml-network.dir\debug\sfml-network.tlog\cl.read.1.tlog
c:\users\jbakowsk\onedrive - intel corporation\desktop\physics_sim\sfml-2.6.x\src\sfml\network\sfml-network.dir\debug\sfml-network.tlog\cl.write.1.tlog
c:\users\jbakowsk\onedrive - intel corporation\desktop\physics_sim\sfml-2.6.x\src\sfml\network\sfml-network.dir\debug\sfml-network.tlog\custombuild.command.1.tlog
c:\users\jbakowsk\onedrive - intel corporation\desktop\physics_sim\sfml-2.6.x\src\sfml\network\sfml-network.dir\debug\sfml-network.tlog\custombuild.read.1.tlog
c:\users\jbakowsk\onedrive - intel corporation\desktop\physics_sim\sfml-2.6.x\src\sfml\network\sfml-network.dir\debug\sfml-network.tlog\custombuild.write.1.tlog
c:\users\jbakowsk\onedrive - intel corporation\desktop\physics_sim\sfml-2.6.x\src\sfml\network\sfml-network.dir\debug\sfml-network.tlog\lib-link.read.1.tlog
c:\users\jbakowsk\onedrive - intel corporation\desktop\physics_sim\sfml-2.6.x\src\sfml\network\sfml-network.dir\debug\sfml-network.tlog\lib-link.write.1.tlog
c:\users\jbakowsk\onedrive - intel corporation\desktop\physics_sim\sfml-2.6.x\src\sfml\network\sfml-network.dir\debug\sfml-network.tlog\lib.command.1.tlog
c:\users\jbakowsk\onedrive - intel corporation\desktop\physics_sim\sfml-2.6.x\src\sfml\network\sfml-network.dir\debug\sfml-network.tlog\link.command.1.tlog
c:\users\jbakowsk\onedrive - intel corporation\desktop\physics_sim\sfml-2.6.x\src\sfml\network\sfml-network.dir\debug\sfml-network.tlog\link.read.1.tlog
c:\users\jbakowsk\onedrive - intel corporation\desktop\physics_sim\sfml-2.6.x\src\sfml\network\sfml-network.dir\debug\sfml-network.tlog\link.write.1.tlog
c:\users\jbakowsk\onedrive - intel corporation\desktop\physics_sim\sfml-2.6.x\src\sfml\network\sfml-network.dir\debug\sfml-network.tlog\rc.command.1.tlog
c:\users\jbakowsk\onedrive - intel corporation\desktop\physics_sim\sfml-2.6.x\src\sfml\network\sfml-network.dir\debug\sfml-network.tlog\rc.read.1.tlog
c:\users\jbakowsk\onedrive - intel corporation\desktop\physics_sim\sfml-2.6.x\src\sfml\network\sfml-network.dir\debug\sfml-network.tlog\rc.write.1.tlog
c:\users\jbakowsk\onedrive - intel corporation\desktop\physics_sim\sfml-2.6.x\src\sfml\network\sfml-network.dir\debug\sfml-network.tlog\sfml-network.write.1u.tlog
