c:\users\jbakowsk\onedrive - intel corporation\desktop\physics_sim\sfml-2.6.x\lib\debug\sfml-system-s.pdb
c:\users\jbakowsk\onedrive - intel corporation\desktop\physics_sim\sfml-2.6.x\src\sfml\system\sfml-system.dir\debug\threadlocalimpl.obj
c:\users\jbakowsk\onedrive - intel corporation\desktop\physics_sim\sfml-2.6.x\src\sfml\system\sfml-system.dir\debug\threadimpl.obj
c:\users\jbakowsk\onedrive - intel corporation\desktop\physics_sim\sfml-2.6.x\src\sfml\system\sfml-system.dir\debug\sleepimpl.obj
c:\users\jbakowsk\onedrive - intel corporation\desktop\physics_sim\sfml-2.6.x\src\sfml\system\sfml-system.dir\debug\muteximpl.obj
c:\users\jbakowsk\onedrive - intel corporation\desktop\physics_sim\sfml-2.6.x\src\sfml\system\sfml-system.dir\debug\clockimpl.obj
c:\users\jbakowsk\onedrive - intel corporation\desktop\physics_sim\sfml-2.6.x\src\sfml\system\sfml-system.dir\debug\memoryinputstream.obj
c:\users\jbakowsk\onedrive - intel corporation\desktop\physics_sim\sfml-2.6.x\src\sfml\system\sfml-system.dir\debug\fileinputstream.obj
c:\users\jbakowsk\onedrive - intel corporation\desktop\physics_sim\sfml-2.6.x\src\sfml\system\sfml-system.dir\debug\time.obj
c:\users\jbakowsk\onedrive - intel corporation\desktop\physics_sim\sfml-2.6.x\src\sfml\system\sfml-system.dir\debug\threadlocal.obj
c:\users\jbakowsk\onedrive - intel corporation\desktop\physics_sim\sfml-2.6.x\src\sfml\system\sfml-system.dir\debug\thread.obj
c:\users\jbakowsk\onedrive - intel corporation\desktop\physics_sim\sfml-2.6.x\src\sfml\system\sfml-system.dir\debug\string.obj
c:\users\jbakowsk\onedrive - intel corporation\desktop\physics_sim\sfml-2.6.x\src\sfml\system\sfml-system.dir\debug\sleep.obj
c:\users\jbakowsk\onedrive - intel corporation\desktop\physics_sim\sfml-2.6.x\src\sfml\system\sfml-system.dir\debug\mutex.obj
c:\users\jbakowsk\onedrive - intel corporation\desktop\physics_sim\sfml-2.6.x\src\sfml\system\sfml-system.dir\debug\lock.obj
c:\users\jbakowsk\onedrive - intel corporation\desktop\physics_sim\sfml-2.6.x\src\sfml\system\sfml-system.dir\debug\err.obj
c:\users\jbakowsk\onedrive - intel corporation\desktop\physics_sim\sfml-2.6.x\src\sfml\system\sfml-system.dir\debug\clock.obj
c:\users\jbakowsk\onedrive - intel corporation\desktop\physics_sim\sfml-2.6.x\src\sfml\system\sfml-system.dir\debug\vc142.pdb
c:\users\jbakowsk\onedrive - intel corporation\desktop\physics_sim\sfml-2.6.x\src\sfml\system\cmakefiles\generate.stamp
c:\users\jbakowsk\onedrive - intel corporation\desktop\physics_sim\sfml-2.6.x\lib\debug\sfml-system-s-d.lib
c:\users\jbakowsk\onedrive - intel corporation\desktop\physics_sim\sfml-2.6.x\src\sfml\system\sfml-system.dir\debug\sfml-system-d-2.ilk
c:\users\jbakowsk\onedrive - intel corporation\desktop\physics_sim\bin\debug\sfml-system-d-2.dll
c:\users\jbakowsk\onedrive - intel corporation\desktop\physics_sim\sfml-2.6.x\lib\debug\sfml-system.pdb
c:\users\jbakowsk\onedrive - intel corporation\desktop\physics_sim\sfml-2.6.x\src\sfml\system\sfml-system.dir\debug\sfml-system.res
c:\users\jbakowsk\onedrive - intel corporation\desktop\physics_sim\sfml-2.6.x\lib\debug\sfml-system-d.lib
c:\users\jbakowsk\onedrive - intel corporation\desktop\physics_sim\sfml-2.6.x\lib\debug\sfml-system-d.exp
c:\users\jbakowsk\onedrive - intel corporation\desktop\physics_sim\sfml-2.6.x\src\sfml\system\sfml-system.dir\debug\sfml-system.tlog\cl.command.1.tlog
c:\users\jbakowsk\onedrive - intel corporation\desktop\physics_sim\sfml-2.6.x\src\sfml\system\sfml-system.dir\debug\sfml-system.tlog\cl.read.1.tlog
c:\users\jbakowsk\onedrive - intel corporation\desktop\physics_sim\sfml-2.6.x\src\sfml\system\sfml-system.dir\debug\sfml-system.tlog\cl.write.1.tlog
c:\users\jbakowsk\onedrive - intel corporation\desktop\physics_sim\sfml-2.6.x\src\sfml\system\sfml-system.dir\debug\sfml-system.tlog\custombuild.command.1.tlog
c:\users\jbakowsk\onedrive - intel corporation\desktop\physics_sim\sfml-2.6.x\src\sfml\system\sfml-system.dir\debug\sfml-system.tlog\custombuild.read.1.tlog
c:\users\jbakowsk\onedrive - intel corporation\desktop\physics_sim\sfml-2.6.x\src\sfml\system\sfml-system.dir\debug\sfml-system.tlog\custombuild.write.1.tlog
c:\users\jbakowsk\onedrive - intel corporation\desktop\physics_sim\sfml-2.6.x\src\sfml\system\sfml-system.dir\debug\sfml-system.tlog\lib-link.read.1.tlog
c:\users\jbakowsk\onedrive - intel corporation\desktop\physics_sim\sfml-2.6.x\src\sfml\system\sfml-system.dir\debug\sfml-system.tlog\lib-link.write.1.tlog
c:\users\jbakowsk\onedrive - intel corporation\desktop\physics_sim\sfml-2.6.x\src\sfml\system\sfml-system.dir\debug\sfml-system.tlog\lib.command.1.tlog
c:\users\jbakowsk\onedrive - intel corporation\desktop\physics_sim\sfml-2.6.x\src\sfml\system\sfml-system.dir\debug\sfml-system.tlog\link.command.1.tlog
c:\users\jbakowsk\onedrive - intel corporation\desktop\physics_sim\sfml-2.6.x\src\sfml\system\sfml-system.dir\debug\sfml-system.tlog\link.read.1.tlog
c:\users\jbakowsk\onedrive - intel corporation\desktop\physics_sim\sfml-2.6.x\src\sfml\system\sfml-system.dir\debug\sfml-system.tlog\link.write.1.tlog
c:\users\jbakowsk\onedrive - intel corporation\desktop\physics_sim\sfml-2.6.x\src\sfml\system\sfml-system.dir\debug\sfml-system.tlog\rc.command.1.tlog
c:\users\jbakowsk\onedrive - intel corporation\desktop\physics_sim\sfml-2.6.x\src\sfml\system\sfml-system.dir\debug\sfml-system.tlog\rc.read.1.tlog
c:\users\jbakowsk\onedrive - intel corporation\desktop\physics_sim\sfml-2.6.x\src\sfml\system\sfml-system.dir\debug\sfml-system.tlog\rc.write.1.tlog
c:\users\jbakowsk\onedrive - intel corporation\desktop\physics_sim\sfml-2.6.x\src\sfml\system\sfml-system.dir\debug\sfml-system.tlog\sfml-system.write.1u.tlog
